
Start-Date: 2023-11-05  08:36:02
Commandline: /usr/bin/apt-get install wpasupplicant
Install: libnl-route-3-200:armel (3.4.0-1, automatic), libdbus-1-3:armel (1.12.20-0+deb10u1, automatic), libpcsclite1:armel (1.8.24-1, automatic), libnl-genl-3-200:armel (3.4.0-1, automatic), dbus:armel (1.12.20-0+deb10u1, automatic), libexpat1:armel (2.2.6-2+deb10u4, automatic), libnl-3-200:armel (3.4.0-1, automatic), wpasupplicant:armel (2:2.7+git20190128+0c1e29f-6+deb10u3), libreadline7:armel (7.0-5, automatic)
End-Date: 2023-11-05  08:36:07

Start-Date: 2023-11-05  08:36:23
Commandline: /usr/bin/apt-get install net-tools
Install: net-tools:armel (1.60+git20180626.aebd88e-1)
End-Date: 2023-11-05  08:36:24

Start-Date: 2023-11-05  08:36:40
Commandline: /usr/bin/apt-get install udhcpc
Install: udhcpc:armel (1:1.30.1-4), busybox:armel (1:1.30.1-4, automatic)
End-Date: 2023-11-05  08:36:40

Start-Date: 2023-11-05  08:44:25
Commandline: /usr/bin/apt install vim
Install: vim-runtime:armel (2:8.1.0875-5+deb10u2, automatic), vim:armel (2:8.1.0875-5+deb10u2), libgpm2:armel (1.20.7-5, automatic)
End-Date: 2023-11-05  08:44:29

Start-Date: 2023-11-05  09:12:26
Commandline: /usr/bin/apt install ssh
Requested-By: hah (1000)
Install: libxdmcp6:armel (1:1.1.2-3, automatic), libkrb5-3:armel (1.17-3+deb10u4, automatic), libgssapi-krb5-2:armel (1.17-3+deb10u4, automatic), libwrap0:armel (7.6.q-28, automatic), openssh-sftp-server:armel (1:7.9p1-10+deb10u2, automatic), libk5crypto3:armel (1.17-3+deb10u4, automatic), libx11-6:armel (2:1.6.7-1+deb10u2, automatic), krb5-locales:armel (1.17-3+deb10u4, automatic), libxau6:armel (1:1.0.8-1+b2, automatic), libxcb1:armel (1.13.1-2, automatic), libkrb5support0:armel (1.17-3+deb10u4, automatic), ssh:armel (1:7.9p1-10+deb10u2), ucf:armel (3.0038+nmu1, automatic), libkeyutils1:armel (1.6-6, automatic), libxmuu1:armel (2:1.1.2-2+b3, automatic), libpam-systemd:armel (241-7~deb10u8, automatic), ncurses-term:armel (6.1+20181013-2+deb10u2, automatic), openssh-server:armel (1:7.9p1-10+deb10u2, automatic), libx11-data:armel (2:1.6.7-1+deb10u2, automatic), openssh-client:armel (1:7.9p1-10+deb10u2, automatic), libedit2:armel (3.1-20181209-1, automatic), xauth:armel (1:1.0.10-1, automatic), libxext6:armel (2:1.3.3-1+b2, automatic)
End-Date: 2023-11-05  09:12:45

Start-Date: 2023-11-11  06:03:02
Commandline: /usr/bin/apt install sox
Requested-By: hah (1000)
Install: libopencore-amrnb0:armel (0.1.3-2.1+b2, automatic), libasound2-data:armel (1.1.8-1, automatic), libogg0:armel (1.3.2-1+b1, automatic), libsox3:armel (14.4.2+git20190427-1, automatic), libvorbisfile3:armel (1.3.6-2, automatic), libopencore-amrwb0:armel (0.1.3-2.1+b2, automatic), libmagic1:armel (1:5.35-4+deb10u2, automatic), libsox-fmt-alsa:armel (14.4.2+git20190427-1, automatic), libwavpack1:armel (5.1.0-6+deb10u1, automatic), libltdl7:armel (2.4.6-9, automatic), libmagic-mgc:armel (1:5.35-4+deb10u2, automatic), libvorbisenc2:armel (1.3.6-2, automatic), sox:armel (14.4.2+git20190427-1), libsndfile1:armel (1.0.28-6+deb10u1, automatic), libgomp1:armel (8.3.0-6, automatic), libasound2:armel (1.1.8-1, automatic), libflac8:armel (1.3.2-3+deb10u2, automatic), libgsm1:armel (1.0.18-2, automatic), libvorbis0a:armel (1.3.6-2, automatic), libsox-fmt-base:armel (14.4.2+git20190427-1, automatic), libpng16-16:armel (1.6.36-6, automatic)
End-Date: 2023-11-11  06:03:08

Start-Date: 2023-11-11  06:05:51
Commandline: /usr/bin/apt install alsa-utils
Requested-By: hah (1000)
Install: alsa-utils:armel (1.1.8-2), libsamplerate0:armel (0.1.9-2, automatic), libfftw3-single3:armel (3.3.8-2, automatic)
End-Date: 2023-11-11  06:05:53

Start-Date: 2023-11-11  06:12:12
Commandline: /usr/bin/apt install mosquitto
Requested-By: hah (1000)
Install: libev4:armel (1:4.25-1, automatic), mosquitto:armel (1.5.7-1+deb10u1), libuv1:armel (1.24.1-1+deb10u1, automatic), libwebsockets8:armel (2.0.3-3, automatic)
End-Date: 2023-11-11  06:12:16

Start-Date: 2023-11-11  06:12:32
Commandline: /usr/bin/apt install python3
Requested-By: hah (1000)
Install: libpython3.7-minimal:armel (3.7.3-2+deb10u3, automatic), libsqlite3-0:armel (3.27.2-3+deb10u1, automatic), python3.7:armel (3.7.3-2+deb10u3, automatic), python3:armel (3.7.3-1), mime-support:armel (3.62, automatic), libmpdec2:armel (2.4.2-2, automatic), libpython3.7-stdlib:armel (3.7.3-2+deb10u3, automatic), python3.7-minimal:armel (3.7.3-2+deb10u3, automatic), python3-minimal:armel (3.7.3-1, automatic), libpython3-stdlib:armel (3.7.3-1, automatic), xz-utils:armel (5.2.4-1+deb10u1, automatic), bzip2:armel (1.0.6-9.2~deb10u1, automatic), file:armel (1:5.35-4+deb10u2, automatic)
End-Date: 2023-11-11  06:12:44

Start-Date: 2023-11-11  06:13:44
Commandline: /usr/bin/apt install sudo
Requested-By: hah (1000)
Install: sudo:armel (1.8.27-1+deb10u3)
End-Date: 2023-11-11  06:13:45
